Using pre-set license
Built from '2020.3/staging' branch; Version is '2020.3.8f1 (507919d4fff5) revision 5273881'; Using compiler version '192528614'; Build Type 'Release'
OS: 'Windows 10 Home; OS build 19042.1526; Version 2009; 64bit' Language: 'en' Physical Memory: 32683 MB
BatchMode: 1, IsHumanControllingUs: 0, StartBugReporterOnCrash: 0, Is64bit: 1, IsPro: 0

 COMMAND LINE ARGUMENTS:
C:\Program Files\Unity\Hub\Editor\2020.3.8f1\Editor\Unity.exe
-adb2
-batchMode
-noUpm
-name
AssetImportWorker0
-projectPath
E:/TFS/Spring 2021/VGP142 CP Fun 2/Assignments/Assignment 1.2 - June 9/The-Terrain
-logFile
Logs/AssetImportWorker0.log
-srvPort
57527
Successfully changed project path to: E:/TFS/Spring 2021/VGP142 CP Fun 2/Assignments/Assignment 1.2 - June 9/The-Terrain
E:/TFS/Spring 2021/VGP142 CP Fun 2/Assignments/Assignment 1.2 - June 9/The-Terrain
Using Asset Import Pipeline V2.
Refreshing native plugins compatible for Editor in 33.15 ms, found 0 plugins.
Preloading 0 native plugins for Editor in 0.00 ms.
Initialize engine version: 2020.3.8f1 (507919d4fff5)
[Subsystems] Discovering subsystems at path C:/Program Files/Unity/Hub/Editor/2020.3.8f1/Editor/Data/Resources/UnitySubsystems
[Subsystems] Discovering subsystems at path E:/TFS/Spring 2021/VGP142 CP Fun 2/Assignments/Assignment 1.2 - June 9/The-Terrain/Assets
GfxDevice: creating device client; threaded=0
Direct3D:
    Version:  Direct3D 11.0 [level 11.1]
    Renderer: NVIDIA GeForce RTX 3070 (ID=0x2484)
    Vendor:   
    VRAM:     8043 MB
    Driver:   30.0.15.1165
Initialize mono
Mono path[0] = 'C:/Program Files/Unity/Hub/Editor/2020.3.8f1/Editor/Data/Managed'
Mono path[1] = 'C:/Program Files/Unity/Hub/Editor/2020.3.8f1/Editor/Data/MonoBleedingEdge/lib/mono/unityjit'
Mono config path = 'C:/Program Files/Unity/Hub/Editor/2020.3.8f1/Editor/Data/MonoBleedingEdge/etc'
Using monoOptions --debugger-agent=transport=dt_socket,embedding=1,server=y,suspend=n,address=127.0.0.1:56592
Begin MonoManager ReloadAssembly
Registering precompiled unity dll's ...
Register platform support module: C:/Program Files/Unity/Hub/Editor/2020.3.8f1/Editor/Data/PlaybackEngines/WindowsStandaloneSupport/UnityEditor.WindowsStandalone.Extensions.dll
Registered in 0.001621 seconds.
Native extension for WindowsStandalone target not found
Refreshing native plugins compatible for Editor in 28.58 ms, found 0 plugins.
Preloading 0 native plugins for Editor in 0.00 ms.
Mono: successfully reloaded assembly
- Completed reload, in  0.873 seconds
Platform modules already initialized, skipping
Registering precompiled user dll's ...
Registered in 0.000438 seconds.
Begin MonoManager ReloadAssembly
Native extension for WindowsStandalone target not found
Refreshing native plugins compatible for Editor in 0.57 ms, found 0 plugins.
Preloading 0 native plugins for Editor in 0.00 ms.
Mono: successfully reloaded assembly
- Completed reload, in  0.574 seconds
Platform modules already initialized, skipping
========================================================================
Worker process is ready to serve import requests
Launched and connected shader compiler UnityShaderCompiler.exe after 0.03 seconds
Refreshing native plugins compatible for Editor in 0.73 ms, found 0 plugins.
Preloading 0 native plugins for Editor in 0.00 ms.
Unloading 1290 Unused Serialized files (Serialized files now loaded: 0)
System memory in use before: 169.2 MB.
System memory in use after: 168.9 MB.

Unloading 10 unused Assets to reduce memory usage. Loaded Objects now: 1767.
Total: 2.903800 ms (FindLiveObjects: 0.261800 ms CreateObjectMapping: 0.080200 ms MarkObjects: 2.111600 ms  DeleteObjects: 0.449300 ms)

========================================================================
Received Import Request.
  path: Assets/Standard Assets/Fonts/OpenSans/OpenSansSemibold.ttf
  artifactKey: Guid(01cd679a1b9ee48bf9c546f6ce2cb97e) Importer(815301076,1909f56bfc062723c751e8b465ee728b)
Start importing Assets/Standard Assets/Fonts/OpenSans/OpenSansSemibold.ttf using Guid(01cd679a1b9ee48bf9c546f6ce2cb97e) Importer(815301076,1909f56bfc062723c751e8b465ee728b)  -> (artifact id: '9656fd4ecb7848ce033b121adbf0158b') in 0.135326 seconds
  Import took 0.137691 seconds .

========================================================================
Received Import Request.
  Time since last request: 0.000170 seconds.
  path: Assets/Standard Assets/Fonts/OpenSans/OpenSansBold.ttf
  artifactKey: Guid(87c316b602156405d92e616621658222) Importer(815301076,1909f56bfc062723c751e8b465ee728b)
Start importing Assets/Standard Assets/Fonts/OpenSans/OpenSansBold.ttf using Guid(87c316b602156405d92e616621658222) Importer(815301076,1909f56bfc062723c751e8b465ee728b)  -> (artifact id: 'd5f2ff959d62daf110b8e40345366ab4') in 0.039462 seconds
  Import took 0.041428 seconds .

========================================================================
Received Import Request.
  Time since last request: 0.000130 seconds.
  path: Assets/Standard Assets/Fonts/OpenSans/OpenSansLight.ttf
  artifactKey: Guid(04a842e316b6f44bf8da702de26a8ed6) Importer(815301076,1909f56bfc062723c751e8b465ee728b)
Start importing Assets/Standard Assets/Fonts/OpenSans/OpenSansLight.ttf using Guid(04a842e316b6f44bf8da702de26a8ed6) Importer(815301076,1909f56bfc062723c751e8b465ee728b)  -> (artifact id: '9764c7fced5265b54ad95e12f328676c') in 0.037601 seconds
  Import took 0.039433 seconds .

========================================================================
Received Prepare
Registering precompiled user dll's ...
Registered in 0.000478 seconds.
Begin MonoManager ReloadAssembly
Native extension for WindowsStandalone target not found
Refreshing native plugins compatible for Editor in 0.43 ms, found 0 plugins.
Preloading 0 native plugins for Editor in 0.00 ms.
Mono: successfully reloaded assembly
- Completed reload, in  0.565 seconds
Platform modules already initialized, skipping
Refreshing native plugins compatible for Editor in 0.44 ms, found 0 plugins.
Preloading 0 native plugins for Editor in 0.00 ms.
Unloading 1243 Unused Serialized files (Serialized files now loaded: 0)
System memory in use before: 168.3 MB.
System memory in use after: 168.1 MB.

Unloading 5 unused Assets to reduce memory usage. Loaded Objects now: 1814.
Total: 2.206600 ms (FindLiveObjects: 0.215200 ms CreateObjectMapping: 0.055800 ms MarkObjects: 1.691200 ms  DeleteObjects: 0.243000 ms)

========================================================================
Received Import Request.
  Time since last request: 228.462074 seconds.
  path: Assets/LocalAssets/Sprites/The Terrain Title.png
  artifactKey: Guid(06f83f5fa998ce242bc44a1177bca648) Importer(815301076,1909f56bfc062723c751e8b465ee728b)
Start importing Assets/LocalAssets/Sprites/The Terrain Title.png using Guid(06f83f5fa998ce242bc44a1177bca648) Importer(815301076,1909f56bfc062723c751e8b465ee728b)  -> (artifact id: 'eb30f97a62d65256840423e6144596b5') in 0.067567 seconds
  Import took 0.069714 seconds .

========================================================================
Received Import Request.
  Time since last request: 12.966579 seconds.
  path: Assets/LocalAssets/Sprites/The Terrain Title.png
  artifactKey: Guid(06f83f5fa998ce242bc44a1177bca648) Importer(815301076,1909f56bfc062723c751e8b465ee728b)
Start importing Assets/LocalAssets/Sprites/The Terrain Title.png using Guid(06f83f5fa998ce242bc44a1177bca648) Importer(815301076,1909f56bfc062723c751e8b465ee728b)  -> (artifact id: '11d917f4ed01b691b1295bfe062b6615') in 0.028451 seconds
  Import took 0.030515 seconds .

========================================================================
Received Prepare
Registering precompiled user dll's ...
Registered in 0.000517 seconds.
Begin MonoManager ReloadAssembly
Native extension for WindowsStandalone target not found
Refreshing native plugins compatible for Editor in 0.43 ms, found 0 plugins.
Preloading 0 native plugins for Editor in 0.00 ms.
Mono: successfully reloaded assembly
- Completed reload, in  0.547 seconds
Platform modules already initialized, skipping
Refreshing native plugins compatible for Editor in 0.43 ms, found 0 plugins.
Preloading 0 native plugins for Editor in 0.00 ms.
Unloading 1243 Unused Serialized files (Serialized files now loaded: 0)
System memory in use before: 168.4 MB.
System memory in use after: 168.2 MB.

Unloading 5 unused Assets to reduce memory usage. Loaded Objects now: 1822.
Total: 1.623400 ms (FindLiveObjects: 0.120800 ms CreateObjectMapping: 0.032800 ms MarkObjects: 1.203500 ms  DeleteObjects: 0.265600 ms)

========================================================================
Received Import Request.
  Time since last request: 136.022796 seconds.
  path: Assets/Scenes/LevelComplete.unity
  artifactKey: Guid(bf7e05e8721ddad4685687dd29d783dc) Importer(815301076,1909f56bfc062723c751e8b465ee728b)
Start importing Assets/Scenes/LevelComplete.unity using Guid(bf7e05e8721ddad4685687dd29d783dc) Importer(815301076,1909f56bfc062723c751e8b465ee728b)  -> (artifact id: '1a951ed9d613648dc215ecb84a03d6ac') in 0.026949 seconds
  Import took 0.029175 seconds .

========================================================================
Received Import Request.
  Time since last request: 12.686489 seconds.
  path: Assets/Standard Assets/CrossPlatformInput/Sprites/SliderHandleSprite.png
  artifactKey: Guid(0626b924325d1c34cafa6b22297f4e4f) Importer(815301076,1909f56bfc062723c751e8b465ee728b)
Start importing Assets/Standard Assets/CrossPlatformInput/Sprites/SliderHandleSprite.png using Guid(0626b924325d1c34cafa6b22297f4e4f) Importer(815301076,1909f56bfc062723c751e8b465ee728b)  -> (artifact id: 'b8a1a4a253c38fca40dcc24f8339cae7') in 0.077162 seconds
  Import took 0.088503 seconds .

========================================================================
Received Import Request.
  Time since last request: 0.000136 seconds.
  path: Assets/Standard Assets/CrossPlatformInput/Sprites/TouchpadSprite.png
  artifactKey: Guid(e4f1fee3de32377429fd1348fae62b10) Importer(815301076,1909f56bfc062723c751e8b465ee728b)
Start importing Assets/Standard Assets/CrossPlatformInput/Sprites/TouchpadSprite.png using Guid(e4f1fee3de32377429fd1348fae62b10) Importer(815301076,1909f56bfc062723c751e8b465ee728b)  -> (artifact id: 'ede227f32ca21e343031a49e65428d6f') in 0.029216 seconds
  Import took 0.030838 seconds .

========================================================================
Received Import Request.
  Time since last request: 0.000139 seconds.
  path: Assets/Standard Assets/CrossPlatformInput/Sprites/SliderHandleSprite.png
  artifactKey: Guid(0626b924325d1c34cafa6b22297f4e4f) Importer(815301076,1909f56bfc062723c751e8b465ee728b)
Start importing Assets/Standard Assets/CrossPlatformInput/Sprites/SliderHandleSprite.png using Guid(0626b924325d1c34cafa6b22297f4e4f) Importer(815301076,1909f56bfc062723c751e8b465ee728b)  -> (artifact id: 'b8a1a4a253c38fca40dcc24f8339cae7') in 0.006414 seconds
  Import took 0.007910 seconds .

========================================================================
Received Import Request.
  Time since last request: 0.000115 seconds.
  path: Assets/Standard Assets/CrossPlatformInput/Sprites/TouchpadSprite.png
  artifactKey: Guid(e4f1fee3de32377429fd1348fae62b10) Importer(815301076,1909f56bfc062723c751e8b465ee728b)
Start importing Assets/Standard Assets/CrossPlatformInput/Sprites/TouchpadSprite.png using Guid(e4f1fee3de32377429fd1348fae62b10) Importer(815301076,1909f56bfc062723c751e8b465ee728b)  -> (artifact id: 'ede227f32ca21e343031a49e65428d6f') in 0.005468 seconds
  Import took 0.006898 seconds .

========================================================================
Received Import Request.
  Time since last request: 118.249109 seconds.
  path: Assets/Standard Assets/2D/Sprites/BackgroundNavyGridSprite.png
  artifactKey: Guid(1d0c184845252df44a655359de388cb8) Importer(815301076,1909f56bfc062723c751e8b465ee728b)
Start importing Assets/Standard Assets/2D/Sprites/BackgroundNavyGridSprite.png using Guid(1d0c184845252df44a655359de388cb8) Importer(815301076,1909f56bfc062723c751e8b465ee728b)  -> (artifact id: '06849898cb05b33e8b52388fcf17403a') in 0.030884 seconds
  Import took 0.033293 seconds .

========================================================================
Received Import Request.
  Time since last request: 0.000143 seconds.
  path: Assets/Standard Assets/CrossPlatformInput/Sprites/ButtonArrowOverSprite.png
  artifactKey: Guid(49b611e658efbf443b686a4036f74fe3) Importer(815301076,1909f56bfc062723c751e8b465ee728b)
Start importing Assets/Standard Assets/CrossPlatformInput/Sprites/ButtonArrowOverSprite.png using Guid(49b611e658efbf443b686a4036f74fe3) Importer(815301076,1909f56bfc062723c751e8b465ee728b)  -> (artifact id: '8224ea4728fa4d2df65e9f728aba48ab') in 0.033092 seconds
  Import took 0.038017 seconds .

========================================================================
Received Import Request.
  Time since last request: 0.000151 seconds.
  path: Assets/Standard Assets/CrossPlatformInput/Sprites/ButtonArrowUpSprite.png
  artifactKey: Guid(4db017495c69e8140a56a0e2b669e3f8) Importer(815301076,1909f56bfc062723c751e8b465ee728b)
Start importing Assets/Standard Assets/CrossPlatformInput/Sprites/ButtonArrowUpSprite.png using Guid(4db017495c69e8140a56a0e2b669e3f8) Importer(815301076,1909f56bfc062723c751e8b465ee728b)  -> (artifact id: 'ffa637603261eb532e37d97a0a823a9b') in 0.023987 seconds
  Import took 0.025819 seconds .

========================================================================
Received Import Request.
  Time since last request: 0.000166 seconds.
  path: Assets/Standard Assets/CrossPlatformInput/Sprites/ButtonAcceleratorOverSprite.png
  artifactKey: Guid(eb5f6e2757c821940b69cf1456f7865a) Importer(815301076,1909f56bfc062723c751e8b465ee728b)
Start importing Assets/Standard Assets/CrossPlatformInput/Sprites/ButtonAcceleratorOverSprite.png using Guid(eb5f6e2757c821940b69cf1456f7865a) Importer(815301076,1909f56bfc062723c751e8b465ee728b)  -> (artifact id: 'b5e2a6a7780ced1ae28de87665d8b1ad') in 0.026962 seconds
  Import took 0.028738 seconds .

========================================================================
Received Import Request.
  Time since last request: 0.000144 seconds.
  path: Assets/Standard Assets/CrossPlatformInput/Sprites/ButtonAcceleratorUpSprite.png
  artifactKey: Guid(f588d850485d0ae479d73cf3bd0b7b00) Importer(815301076,1909f56bfc062723c751e8b465ee728b)
Start importing Assets/Standard Assets/CrossPlatformInput/Sprites/ButtonAcceleratorUpSprite.png using Guid(f588d850485d0ae479d73cf3bd0b7b00) Importer(815301076,1909f56bfc062723c751e8b465ee728b)  -> (artifact id: '55f931591b9e3b1f66d508b9a31cd5b6') in 0.024398 seconds
  Import took 0.025981 seconds .

========================================================================
Received Prepare
Registering precompiled user dll's ...
Registered in 0.000387 seconds.
Begin MonoManager ReloadAssembly
Native extension for WindowsStandalone target not found
Refreshing native plugins compatible for Editor in 0.43 ms, found 0 plugins.
Preloading 0 native plugins for Editor in 0.00 ms.
Mono: successfully reloaded assembly
- Completed reload, in  0.544 seconds
Platform modules already initialized, skipping
Refreshing native plugins compatible for Editor in 0.44 ms, found 0 plugins.
Preloading 0 native plugins for Editor in 0.00 ms.
Unloading 1243 Unused Serialized files (Serialized files now loaded: 0)
System memory in use before: 168.4 MB.
System memory in use after: 168.2 MB.

Unloading 5 unused Assets to reduce memory usage. Loaded Objects now: 1828.
Total: 1.725800 ms (FindLiveObjects: 0.123400 ms CreateObjectMapping: 0.032500 ms MarkObjects: 1.299800 ms  DeleteObjects: 0.269300 ms)

========================================================================
Received Import Request.
  Time since last request: 80.048333 seconds.
  path: Assets/Scenes/LevelComplete.unity
  artifactKey: Guid(bf7e05e8721ddad4685687dd29d783dc) Importer(815301076,1909f56bfc062723c751e8b465ee728b)
Start importing Assets/Scenes/LevelComplete.unity using Guid(bf7e05e8721ddad4685687dd29d783dc) Importer(815301076,1909f56bfc062723c751e8b465ee728b)  -> (artifact id: '7d490468e21e4684cdc9d98bf547f7f1') in 0.020437 seconds
  Import took 0.022486 seconds .

========================================================================
Received Prepare
Registering precompiled user dll's ...
Registered in 0.000532 seconds.
Begin MonoManager ReloadAssembly
Native extension for WindowsStandalone target not found
Refreshing native plugins compatible for Editor in 0.43 ms, found 0 plugins.
Preloading 0 native plugins for Editor in 0.00 ms.
Mono: successfully reloaded assembly
- Completed reload, in  0.547 seconds
Platform modules already initialized, skipping
Refreshing native plugins compatible for Editor in 0.43 ms, found 0 plugins.
Preloading 0 native plugins for Editor in 0.00 ms.
Unloading 1243 Unused Serialized files (Serialized files now loaded: 0)
System memory in use before: 168.4 MB.
System memory in use after: 168.2 MB.

Unloading 5 unused Assets to reduce memory usage. Loaded Objects now: 1831.
Total: 1.653600 ms (FindLiveObjects: 0.144500 ms CreateObjectMapping: 0.025900 ms MarkObjects: 1.187300 ms  DeleteObjects: 0.295000 ms)

========================================================================
Received Import Request.
  Time since last request: 60.276767 seconds.
  path: Assets/Scenes/LevelScene.unity
  artifactKey: Guid(9fc0d4010bbf28b4594072e72b8655ab) Importer(815301076,1909f56bfc062723c751e8b465ee728b)
Start importing Assets/Scenes/LevelScene.unity using Guid(9fc0d4010bbf28b4594072e72b8655ab) Importer(815301076,1909f56bfc062723c751e8b465ee728b)  -> (artifact id: '2e7b62942138e060c7441821d7dcffbc') in 0.023819 seconds
  Import took 0.025965 seconds .

========================================================================
Received Import Request.
  Time since last request: 51.372202 seconds.
  path: Assets/LocalAssets/Scripts/Player/Character.cs
  artifactKey: Guid(26cd976a25187e840ba4fedc856600cc) Importer(815301076,1909f56bfc062723c751e8b465ee728b)
Start importing Assets/LocalAssets/Scripts/Player/Character.cs using Guid(26cd976a25187e840ba4fedc856600cc) Importer(815301076,1909f56bfc062723c751e8b465ee728b)  -> (artifact id: 'dcbb6234ad26f58957475469c68bc51e') in 0.006673 seconds
  Import took 0.008866 seconds .

========================================================================
Received Import Request.
  Time since last request: 0.000537 seconds.
  path: Assets/LocalAssets/Scripts/Player/Character.cs
  artifactKey: Guid(26cd976a25187e840ba4fedc856600cc) Importer(815301076,1909f56bfc062723c751e8b465ee728b)
Start importing Assets/LocalAssets/Scripts/Player/Character.cs using Guid(26cd976a25187e840ba4fedc856600cc) Importer(815301076,1909f56bfc062723c751e8b465ee728b)  -> (artifact id: 'dcbb6234ad26f58957475469c68bc51e') in 0.001031 seconds
  Import took 0.002222 seconds .

========================================================================
Received Prepare
Registering precompiled user dll's ...
Registered in 0.000506 seconds.
Begin MonoManager ReloadAssembly
Native extension for WindowsStandalone target not found
Refreshing native plugins compatible for Editor in 0.62 ms, found 0 plugins.
Preloading 0 native plugins for Editor in 0.00 ms.
Mono: successfully reloaded assembly
- Completed reload, in  0.571 seconds
Platform modules already initialized, skipping
Refreshing native plugins compatible for Editor in 0.56 ms, found 0 plugins.
Preloading 0 native plugins for Editor in 0.00 ms.
Unloading 1243 Unused Serialized files (Serialized files now loaded: 0)
System memory in use before: 168.4 MB.
System memory in use after: 168.2 MB.

Unloading 5 unused Assets to reduce memory usage. Loaded Objects now: 1834.
Total: 1.871400 ms (FindLiveObjects: 0.122900 ms CreateObjectMapping: 0.027400 ms MarkObjects: 1.417800 ms  DeleteObjects: 0.302700 ms)

========================================================================
Received Prepare
Registering precompiled user dll's ...
Registered in 0.000532 seconds.
Begin MonoManager ReloadAssembly
Native extension for WindowsStandalone target not found
Refreshing native plugins compatible for Editor in 0.47 ms, found 0 plugins.
Preloading 0 native plugins for Editor in 0.00 ms.
Mono: successfully reloaded assembly
- Completed reload, in  0.577 seconds
Platform modules already initialized, skipping
Refreshing native plugins compatible for Editor in 0.54 ms, found 0 plugins.
Preloading 0 native plugins for Editor in 0.00 ms.
Unloading 1243 Unused Serialized files (Serialized files now loaded: 0)
System memory in use before: 168.4 MB.
System memory in use after: 168.2 MB.

Unloading 5 unused Assets to reduce memory usage. Loaded Objects now: 1837.
Total: 1.743000 ms (FindLiveObjects: 0.128600 ms CreateObjectMapping: 0.030700 ms MarkObjects: 1.295300 ms  DeleteObjects: 0.287800 ms)

========================================================================
Received Prepare
Registering precompiled user dll's ...
Registered in 0.000538 seconds.
Begin MonoManager ReloadAssembly
Native extension for WindowsStandalone target not found
Refreshing native plugins compatible for Editor in 0.42 ms, found 0 plugins.
Preloading 0 native plugins for Editor in 0.00 ms.
Mono: successfully reloaded assembly
- Completed reload, in  0.580 seconds
Platform modules already initialized, skipping
Refreshing native plugins compatible for Editor in 0.46 ms, found 0 plugins.
Preloading 0 native plugins for Editor in 0.00 ms.
Unloading 1243 Unused Serialized files (Serialized files now loaded: 0)
System memory in use before: 168.5 MB.
System memory in use after: 168.2 MB.

Unloading 5 unused Assets to reduce memory usage. Loaded Objects now: 1840.
Total: 2.136600 ms (FindLiveObjects: 0.122400 ms CreateObjectMapping: 0.031400 ms MarkObjects: 1.549000 ms  DeleteObjects: 0.433200 ms)

========================================================================
Received Prepare
Registering precompiled user dll's ...
Registered in 0.000562 seconds.
Begin MonoManager ReloadAssembly
Native extension for WindowsStandalone target not found
Refreshing native plugins compatible for Editor in 0.44 ms, found 0 plugins.
Preloading 0 native plugins for Editor in 0.00 ms.
Mono: successfully reloaded assembly
- Completed reload, in  0.551 seconds
Platform modules already initialized, skipping
Refreshing native plugins compatible for Editor in 0.62 ms, found 0 plugins.
Preloading 0 native plugins for Editor in 0.00 ms.
Unloading 1243 Unused Serialized files (Serialized files now loaded: 0)
System memory in use before: 168.5 MB.
System memory in use after: 168.2 MB.

Unloading 5 unused Assets to reduce memory usage. Loaded Objects now: 1843.
Total: 1.843800 ms (FindLiveObjects: 0.134500 ms CreateObjectMapping: 0.036300 ms MarkObjects: 1.366600 ms  DeleteObjects: 0.305800 ms)

========================================================================
Received Prepare
Registering precompiled user dll's ...
Registered in 0.000441 seconds.
Begin MonoManager ReloadAssembly
Native extension for WindowsStandalone target not found
Refreshing native plugins compatible for Editor in 0.44 ms, found 0 plugins.
Preloading 0 native plugins for Editor in 0.00 ms.
Mono: successfully reloaded assembly
- Completed reload, in  0.552 seconds
Platform modules already initialized, skipping
Refreshing native plugins compatible for Editor in 0.67 ms, found 0 plugins.
Preloading 0 native plugins for Editor in 0.00 ms.
Unloading 1243 Unused Serialized files (Serialized files now loaded: 0)
System memory in use before: 168.5 MB.
System memory in use after: 168.3 MB.

Unloading 5 unused Assets to reduce memory usage. Loaded Objects now: 1846.
Total: 1.767200 ms (FindLiveObjects: 0.126700 ms CreateObjectMapping: 0.028900 ms MarkObjects: 1.308100 ms  DeleteObjects: 0.302700 ms)

AssetImportWorkerClient::OnTransportError - code=2 error=End of file
